#
# A fatal error has been detected by the Java Runtime Environment:
#
#  EXCEPTION_ACCESS_VIOLATION (0xc0000005) at pc=0xffffffffa3835120, pid=3668, tid=4160
#
# JRE version: Java(TM) SE Runtime Environment (8.0_77-b03) (build 1.8.0_77-b03)
# Java VM: Java HotSpot(TM) 64-Bit Server VM (25.77-b03 mixed mode windows-amd64 compressed oops)
# Problematic frame:
# C  0xffffffffa3835120
#
# Failed to write core dump. Minidumps are not enabled by default on client versions of Windows
#
# If you would like to submit a bug report, please visit:
#   http://bugreport.java.com/bugreport/crash.jsp
#

---------------  T H R E A D  ---------------

Current thread (0x0000000001d5e000):  JavaThread "main" [_thread_in_Java, id=4160, stack(0x0000000002460000,0x0000000002560000)]

siginfo: ExceptionCode=0xc0000005, ExceptionInformation=0x0000000000000008 0xffffffffa3835120

Registers:
RAX=0x0000000016cd1d38, RBX=0x0000000057076088, RCX=0x00000000d56efd38, RDX=0x00000000d56d56c0
RSP=0x000000000255ed28, RBP=0x000000000255f370, RSI=0x0000000016cd1d38, RDI=0x0000000057079990
R8 =0x0000000000000001, R9 =0x00000000d55ff9e0, R10=0x0000000016cd0d38, R11=0x00000000d55fcad0
R12=0x0000000000000000, R13=0x000000000255f328, R14=0x0000000000000000, R15=0x0000000001d5e000
RIP=0xffffffffa3835120, EFLAGS=0x0000000000010202

Top of Stack: (sp=0x000000000255ed28)
0x000000000255ed28:   0000000002956f1c ffffffffffffffff
0x000000000255ed38:   0000000057076088 0000000000000000
0x000000000255ed48:   000000000255ed60 000000000255edb8
0x000000000255ed58:   0000000002837a01 00000000d56d56f8
0x000000000255ed68:   0000000000000000 000000000255f370
0x000000000255ed78:   0000000002956d6c 0000000056d88643
0x000000000255ed88:   000000000255edf0 0000000056d8a670
0x000000000255ed98:   00000000d559eb08 000000000255eda0
0x000000000255eda8:   0000000056d04148 00000000d56d5730
0x000000000255edb8:   0000000056db7210 000000000255f370
0x000000000255edc8:   0000000002956f1c 0000000000000000
0x000000000255edd8:   000000000255edf0 000000000255ee38
0x000000000255ede8:   0000000002837790 00000000d559eb08
0x000000000255edf8:   000000000255edf8 00000000d56d5768
0x000000000255ee08:   000000000255ee60 000000000255f370
0x000000000255ee18:   0000000002956d6c 0000000056d8ee28 

Instructions: (pc=0xffffffffa3835120)
0xffffffffa3835100:   
[error occurred during error reporting (printing registers, top of stack, instructions near pc), id 0xc0000005]

Register to memory mapping:

RAX=0x0000000016cd1d38 is pointing into metadata
RBX={method} {0x0000000057076090} 'getHealth' '()I' in 'items/HurtEnemy'
RCX=0x00000000d56efd38 is an oop
items.HurtEnemy 
 - klass: 'items/HurtEnemy'
RDX=0x00000000d56d56c0 is an oop
items.HurtEnemy 
 - klass: 'items/HurtEnemy'
RSP=0x000000000255ed28 is pointing into the stack for thread: 0x0000000001d5e000
RBP=0x000000000255f370 is pointing into the stack for thread: 0x0000000001d5e000
RSI=0x0000000016cd1d38 is pointing into metadata
RDI=0x0000000057079990 is pointing into metadata
R8 =0x0000000000000001 is an unknown value
R9 =0x00000000d55ff9e0 is an oop
java.lang.Class 
 - klass: 'java/lang/Class'
R10=0x0000000016cd0d38 is pointing into metadata
R11=0x00000000d55fcad0 is an oop
entities.Boss 
 - klass: 'entities/Boss'
R12=0x0000000000000000 is an unknown value
R13=0x000000000255f328 is pointing into the stack for thread: 0x0000000001d5e000
R14=0x0000000000000000 is an unknown value
R15=0x0000000001d5e000 is a thread


Stack: [0x0000000002460000,0x0000000002560000],  sp=0x000000000255ed28,  free space=1019k
Native frames: (J=compiled Java code, j=interpreted, Vv=VM code, C=native code)
C  0xffffffffa3835120


---------------  P R O C E S S  ---------------

Java Threads: ( => current thread )
  0x000000005968c800 JavaThread "Service Thread" daemon [_thread_blocked, id=3144, stack(0x0000000059e30000,0x0000000059f30000)]
  0x0000000059605000 JavaThread "C1 CompilerThread2" daemon [_thread_blocked, id=1664, stack(0x0000000059a30000,0x0000000059b30000)]
  0x0000000059600800 JavaThread "C2 CompilerThread1" daemon [_thread_blocked, id=4896, stack(0x0000000059ce0000,0x0000000059de0000)]
  0x0000000057665000 JavaThread "C2 CompilerThread0" daemon [_thread_blocked, id=672, stack(0x0000000058810000,0x0000000058910000)]
  0x000000005765f000 JavaThread "Attach Listener" daemon [_thread_blocked, id=912, stack(0x0000000059500000,0x0000000059600000)]
  0x000000005766e800 JavaThread "Signal Dispatcher" daemon [_thread_blocked, id=4680, stack(0x0000000058960000,0x0000000058a60000)]
  0x000000005764b000 JavaThread "Finalizer" daemon [_thread_blocked, id=296, stack(0x00000000586b0000,0x00000000587b0000)]
  0x0000000057602000 JavaThread "Reference Handler" daemon [_thread_blocked, id=1748, stack(0x00000000585a0000,0x00000000586a0000)]
=>0x0000000001d5e000 JavaThread "main" [_thread_in_Java, id=4160, stack(0x0000000002460000,0x0000000002560000)]

Other Threads:
  0x00000000575fa000 VMThread [stack: 0x0000000058450000,0x0000000058550000] [id=2304]
  0x0000000059693000 WatcherThread [stack: 0x0000000058b10000,0x0000000058c10000] [id=216]

VM state:not at safepoint (normal execution)

VM Mutex/Monitor currently owned by a thread: None

Heap:
 PSYoungGen      total 38400K, used 2004K [0x00000000d5580000, 0x00000000d8000000, 0x0000000100000000)
  eden space 33280K, 6% used [0x00000000d5580000,0x00000000d5775358,0x00000000d7600000)
  from space 5120K, 0% used [0x00000000d7b00000,0x00000000d7b00000,0x00000000d8000000)
  to   space 5120K, 0% used [0x00000000d7600000,0x00000000d7600000,0x00000000d7b00000)
 ParOldGen       total 87552K, used 0K [0x0000000080000000, 0x0000000085580000, 0x00000000d5580000)
  object space 87552K, 0% used [0x0000000080000000,0x0000000080000000,0x0000000085580000)
 Metaspace       used 2941K, capacity 4600K, committed 4864K, reserved 1056768K
  class space    used 324K, capacity 424K, committed 512K, reserved 1048576K

Card table byte_map: [0x0000000011bf0000,0x0000000012000000] byte_map_base: 0x00000000117f0000

Marking Bits: (ParMarkBitMap*) 0x0000000059440600
 Begin Bits: [0x0000000012870000, 0x0000000014870000)
 End Bits:   [0x0000000014870000, 0x0000000016870000)

Polling page: 0x0000000000420000

CodeCache: size=245760Kb used=1205Kb max_used=1217Kb free=244554Kb
 bounds [0x0000000002830000, 0x0000000002aa0000, 0x0000000011830000]
 total_blobs=336 nmethods=95 adapters=156
 compilation: enabled

Compilation events (10 events):
Event: 18.042 Thread 0x0000000059605000   91  s    3       java.io.BufferedOutputStream::flush (12 bytes)
Event: 18.042 Thread 0x0000000059605000 nmethod 91 0x000000000295bb90 code [0x000000000295bd20, 0x000000000295c1f8]
Event: 18.042 Thread 0x0000000059605000   92       3       java.io.BufferedOutputStream::flushBuffer (29 bytes)
Event: 18.042 Thread 0x0000000057665000   94       4       items.HurtEnemy::getHealth (29 bytes)
Event: 18.042 Thread 0x0000000059600800   95       4       entities.IvanOoze::getHealth (10 bytes)
Event: 18.042 Thread 0x0000000059605000 nmethod 92 0x000000000295c390 code [0x000000000295c500, 0x000000000295c768]
Event: 18.042 Thread 0x0000000059605000   93       3       java.nio.Buffer::hasRemaining (17 bytes)
Event: 18.043 Thread 0x0000000059600800 nmethod 95 0x000000000295f490 code [0x000000000295f5e0, 0x000000000295f658]
Event: 18.043 Thread 0x0000000059605000 nmethod 93 0x000000000295f110 code [0x000000000295f260, 0x000000000295f410]
Event: 18.048 Thread 0x0000000057665000 nmethod 94 0x000000000295cfd0 code [0x000000000295d1c0, 0x000000000295d5b0]

GC Heap History (0 events):
No events

Deoptimization events (0 events):
No events

Internal exceptions (2 events):
Event: 0.047 Thread 0x0000000001d5e000 Exception <a 'java/lang/NoSuchMethodError': Method sun.misc.Unsafe.defineClass(Ljava/lang/String;[BII)Ljava/lang/Class; name or signature does not match> (0x00000000d5587cc0) thrown at [D:\re\workspace\8-2-build-windows-amd64-cygwin\jdk8u77\6540\hotspot\sr.|¯],¨?
Event: 0.047 Thread 0x0000000001d5e000 Exception <a 'java/lang/NoSuchMethodError': Method sun.misc.Unsafe.prefetchRead(Ljava/lang/Object;J)V name or signature does not match> (0x00000000d5587fa8) thrown at [D:\re\workspace\8-2-build-windows-amd64-cygwin\jdk8u77\6540\hotspot\src\share\vm\prims\j

Events (10 events):
Event: 0.171 loading class java/util/Formatter$Flags
Event: 0.171 loading class java/util/Formatter$Flags done
Event: 0.172 loading class java/util/Formatter$Conversion
Event: 0.172 loading class java/util/Formatter$Conversion done
Event: 0.172 loading class java/util/Formatter$FixedString
Event: 0.172 loading class java/util/Formatter$FixedString done
Event: 0.172 loading class java/util/Formattable
Event: 0.172 loading class java/util/Formattable done
Event: 4.298 Executing VM operation: EnableBiasedLocking
Event: 4.298 Executing VM operation: EnableBiasedLocking done


Dynamic libraries:
0x000000013fa10000 - 0x000000013fa47000 	C:\Program Files\Java\jdk1.8.0_77\bin\javaw.exe
0x0000000077160000 - 0x000000007730a000 	C:\Windows\SYSTEM32\ntdll.dll
0x0000000077040000 - 0x000000007715f000 	C:\Windows\system32\kernel32.dll
0x000007fefd220000 - 0x000007fefd28a000 	C:\Windows\system32\KERNELBASE.dll
0x000007fefe200000 - 0x000007fefe2db000 	C:\Windows\system32\ADVAPI32.dll
0x000007fefd2a0000 - 0x000007fefd33f000 	C:\Windows\system32\msvcrt.dll
0x000007feff0b0000 - 0x000007feff0cf000 	C:\Windows\SYSTEM32\sechost.dll
0x000007fefe0d0000 - 0x000007fefe1fd000 	C:\Windows\system32\RPCRT4.dll
0x0000000076f40000 - 0x000000007703a000 	C:\Windows\system32\USER32.dll
0x000007fefef70000 - 0x000007fefefd7000 	C:\Windows\system32\GDI32.dll
0x000007feff0d0000 - 0x000007feff0de000 	C:\Windows\system32\LPK.dll
0x000007fefefe0000 - 0x000007feff0aa000 	C:\Windows\system32\USP10.dll
0x000007fefb720000 - 0x000007fefb914000 	C:\Windows\WinSxS\amd64_microsoft.windows.common-controls_6595b64144ccf1df_6.0.7601.18837_none_fa3b1e3d17594757\COMCTL32.dll
0x000007feff3c0000 - 0x000007feff431000 	C:\Windows\system32\SHLWAPI.dll
0x000007feff440000 - 0x000007feff46e000 	C:\Windows\system32\IMM32.DLL
0x000007fefe3e0000 - 0x000007fefe4e9000 	C:\Windows\system32\MSCTF.dll
0x0000000059b60000 - 0x0000000059c32000 	C:\Program Files\Java\jdk1.8.0_77\jre\bin\msvcr100.dll
0x0000000058c30000 - 0x00000000594c0000 	C:\Program Files\Java\jdk1.8.0_77\jre\bin\server\jvm.dll
0x000007feed100000 - 0x000007feed109000 	C:\Windows\system32\WSOCK32.dll
0x000007fefebf0000 - 0x000007fefec3d000 	C:\Windows\system32\WS2_32.dll
0x000007fefe910000 - 0x000007fefe918000 	C:\Windows\system32\NSI.dll
0x000007fef7cb0000 - 0x000007fef7ceb000 	C:\Windows\system32\WINMM.dll
0x000007fefc8b0000 - 0x000007fefc8bc000 	C:\Windows\system32\VERSION.dll
0x0000000077320000 - 0x0000000077327000 	C:\Windows\system32\PSAPI.DLL
0x00000000734b0000 - 0x00000000734bf000 	C:\Program Files\Java\jdk1.8.0_77\jre\bin\verify.dll
0x0000000073480000 - 0x00000000734a9000 	C:\Program Files\Java\jdk1.8.0_77\jre\bin\java.dll
0x0000000073460000 - 0x0000000073476000 	C:\Program Files\Java\jdk1.8.0_77\jre\bin\zip.dll
0x000007fefd340000 - 0x000007fefe0c9000 	C:\Windows\system32\SHELL32.dll
0x000007fefed60000 - 0x000007fefef63000 	C:\Windows\system32\ole32.dll
0x000007fefcee0000 - 0x000007fefceef000 	C:\Windows\system32\profapi.dll
0x000007fef58e0000 - 0x000007fef5a05000 	C:\Windows\system32\dbghelp.dll

VM Arguments:
jvm_args: -Dfile.encoding=Cp1252 
java_command: encounter.EncounterTester
java_class_path (initial): C:\Users\Sawyer\Github\dungeons-and-dragons\bin
Launcher Type: SUN_STANDARD

Environment Variables:
PATH=C:/Program Files/Java/jdk1.8.0_77/bin/../jre/bin/server;C:/Program Files/Java/jdk1.8.0_77/bin/../jre/bin;C:/Program Files/Java/jdk1.8.0_77/bin/../jre/lib/amd64;C:\Program Files\Java\jdk1.8.0_77\bin;C:\Program Files (x86)\NVIDIA Corporation\PhysX\Common;C:\Windows\system32;C:\Windows;C:\Windows\System32\Wbem;C:\Windows\System32\WindowsPowerShell\v1.0\;C:\Program Files (x86)\ATI Technologies\ATI.ACE\Core-Static;C:\Program Files (x86)\Python 3.4;c:\iverilog\bin;C:\Program Files (x86)\AMD\ATI.ACE\Core-Static;C:\Program Files\Calibre2\;C:\Program Files (x86)\Skype\Phone\;C:\Program Files\Microsoft SQL Server\130\Tools\Binn\;C:\Windows\system32\config\systemprofile\.dnx\bin;C:\Program Files\Microsoft DNX\Dnvm\;C:\Program Files (x86)\Eclipse;
USERNAME=Sawyer
OS=Windows_NT
PROCESSOR_IDENTIFIER=Intel64 Family 6 Model 23 Stepping 10, GenuineIntel



---------------  S Y S T E M  ---------------

OS: Windows 7 , 64 bit Build 7601 (6.1.7601.23392)

CPU:total 4 (4 cores per cpu, 1 threads per core) family 6 model 23 stepping 10, cmov, cx8, fxsr, mmx, sse, sse2, sse3, ssse3, sse4.1, tsc

Memory: 4k page, physical 8387128k(4849388k free), swap 16772400k(11760192k free)

vm_info: Java HotSpot(TM) 64-Bit Server VM (25.77-b03) for windows-amd64 JRE (1.8.0_77-b03), built on Mar 20 2016 22:01:33 by "java_re" with MS VC++ 10.0 (VS2010)

time: Tue May 10 21:57:00 2016
elapsed time: 18 seconds (0d 0h 0m 18s)

